<?xml version="1.0" encoding="UTF-8"?>
<testng-results ignored="0" total="7" passed="6" failed="1" skipped="0">
  <reporter-output>
    <line>
      <![CDATA[Manoj Sirsat
manojsirsat1997@gmail.com]]>
    </line>
    <line>
      <![CDATA[CATEGORIES: STRENGTH EQUIPMENT]]>
    </line>
    <line>
      <![CDATA[Gym Machines & Attachments
Landmine Posts & Handles
Parallel Bars
Power Cages & Racks
Power Rack Attachments
Pull Up Bars
Sit Up Benches & Bars
Squat Racks & Stands
Weight Benches
Weightlifting Equipment]]>
    </line>
    <line>
      <![CDATA[The actual and expected URL's are same ]]>
    </line>
    <line>
      <![CDATA[The actual and expected URL's are different ]]>
    </line>
    <line>
      <![CDATA[The actual and expected URL's are different ]]>
    </line>
    <line>
      <![CDATA[The actual and expected URL's are different ]]>
    </line>
    <line>
      <![CDATA[The actual and expected URL's are different ]]>
    </line>
  </reporter-output>
  <suite started-at="2022-10-31T12:26:36 IST" name="Default suite" finished-at="2022-10-31T12:30:38 IST" duration-ms="241424">
    <groups>
    </groups>
    <test started-at="2022-10-31T12:26:36 IST" name="Default test" finished-at="2022-10-31T12:30:38 IST" duration-ms="241424">
      <class name="Test_Classes.Mirafit_Categories_Strength_Equipement_Test">
        <test-method is-config="true" signature="OpenBrowser()[pri:0, instance:Test_Classes.Mirafit_Categories_Strength_Equipement_Test@71a8adcf]" started-at="2022-10-31T12:26:36 IST" name="OpenBrowser" finished-at="2022-10-31T12:26:56 IST" duration-ms="19827" status="PASS">
          <reporter-output>
          </reporter-output>
        </test-method> <!-- OpenBrowser -->
        <test-method signature="login()[pri:0, instance:Test_Classes.Mirafit_Categories_Strength_Equipement_Test@71a8adcf]" started-at="2022-10-31T12:26:56 IST" name="login" finished-at="2022-10-31T12:27:05 IST" duration-ms="8988" status="PASS">
          <reporter-output>
            <line>
              <![CDATA[Manoj Sirsat
manojsirsat1997@gmail.com]]>
            </line>
          </reporter-output>
        </test-method> <!-- login -->
        <test-method is-config="true" signature="Screenshots(org.testng.ITestResult)[pri:0, instance:Test_Classes.Mirafit_Categories_Strength_Equipement_Test@71a8adcf]" started-at="2022-10-31T12:27:05 IST" name="Screenshots" finished-at="2022-10-31T12:27:05 IST" duration-ms="2" status="PASS">
          <params>
            <param index="0">
              <value>
                <![CDATA[[TestResult name=login status=SUCCESS method=Mirafit_Categories_Strength_Equipement_Test.login()[pri:0, instance:Test_Classes.Mirafit_Categories_Strength_Equipement_Test@71a8adcf] output=Manoj Sirsat
manojsirsat1997@gmail.com]]]>
              </value>
            </param>
          </params>
          <reporter-output>
          </reporter-output>
        </test-method> <!-- Screenshots -->
        <test-method signature="Categories_Cable_Machines_Attachments()[pri:1, instance:Test_Classes.Mirafit_Categories_Strength_Equipement_Test@71a8adcf]" started-at="2022-10-31T12:27:05 IST" name="Categories_Cable_Machines_Attachments" finished-at="2022-10-31T12:27:29 IST" duration-ms="24298" status="PASS">
          <reporter-output>
            <line>
              <![CDATA[CATEGORIES: STRENGTH EQUIPMENT]]>
            </line>
            <line>
              <![CDATA[Gym Machines & Attachments
Landmine Posts & Handles
Parallel Bars
Power Cages & Racks
Power Rack Attachments
Pull Up Bars
Sit Up Benches & Bars
Squat Racks & Stands
Weight Benches
Weightlifting Equipment]]>
            </line>
            <line>
              <![CDATA[The actual and expected URL's are same ]]>
            </line>
          </reporter-output>
        </test-method> <!-- Categories_Cable_Machines_Attachments -->
        <test-method is-config="true" signature="Screenshots(org.testng.ITestResult)[pri:0, instance:Test_Classes.Mirafit_Categories_Strength_Equipement_Test@71a8adcf]" started-at="2022-10-31T12:27:29 IST" name="Screenshots" finished-at="2022-10-31T12:27:29 IST" duration-ms="0" status="PASS">
          <params>
            <param index="0">
              <value>
                <![CDATA[[TestResult name=Categories_Cable_Machines_Attachments status=SUCCESS method=Mirafit_Categories_Strength_Equipement_Test.Categories_Cable_Machines_Attachments()[pri:1, instance:Test_Classes.Mirafit_Categories_Strength_Equipement_Test@71a8adcf] output=CATEGORIES: STRENGTH EQUIPMENT]]]>
              </value>
            </param>
          </params>
          <reporter-output>
          </reporter-output>
        </test-method> <!-- Screenshots -->
        <test-method signature="Categories_Landmine_Posts_Handles()[pri:2, instance:Test_Classes.Mirafit_Categories_Strength_Equipement_Test@71a8adcf]" started-at="2022-10-31T12:27:29 IST" name="Categories_Landmine_Posts_Handles" finished-at="2022-10-31T12:27:50 IST" duration-ms="20988" status="PASS">
          <reporter-output>
            <line>
              <![CDATA[The actual and expected URL's are different ]]>
            </line>
          </reporter-output>
        </test-method> <!-- Categories_Landmine_Posts_Handles -->
        <test-method is-config="true" signature="Screenshots(org.testng.ITestResult)[pri:0, instance:Test_Classes.Mirafit_Categories_Strength_Equipement_Test@71a8adcf]" started-at="2022-10-31T12:27:50 IST" name="Screenshots" finished-at="2022-10-31T12:27:50 IST" duration-ms="1" status="PASS">
          <params>
            <param index="0">
              <value>
                <![CDATA[[TestResult name=Categories_Landmine_Posts_Handles status=SUCCESS method=Mirafit_Categories_Strength_Equipement_Test.Categories_Landmine_Posts_Handles()[pri:2, instance:Test_Classes.Mirafit_Categories_Strength_Equipement_Test@71a8adcf] output=The actual and expected URL's are different ]]]>
              </value>
            </param>
          </params>
          <reporter-output>
          </reporter-output>
        </test-method> <!-- Screenshots -->
        <test-method signature="Categories_Parallel_Bars()[pri:3, instance:Test_Classes.Mirafit_Categories_Strength_Equipement_Test@71a8adcf]" started-at="2022-10-31T12:27:50 IST" name="Categories_Parallel_Bars" finished-at="2022-10-31T12:28:11 IST" duration-ms="20816" status="PASS">
          <reporter-output>
            <line>
              <![CDATA[The actual and expected URL's are different ]]>
            </line>
          </reporter-output>
        </test-method> <!-- Categories_Parallel_Bars -->
        <test-method is-config="true" signature="Screenshots(org.testng.ITestResult)[pri:0, instance:Test_Classes.Mirafit_Categories_Strength_Equipement_Test@71a8adcf]" started-at="2022-10-31T12:28:11 IST" name="Screenshots" finished-at="2022-10-31T12:28:11 IST" duration-ms="2" status="PASS">
          <params>
            <param index="0">
              <value>
                <![CDATA[[TestResult name=Categories_Parallel_Bars status=SUCCESS method=Mirafit_Categories_Strength_Equipement_Test.Categories_Parallel_Bars()[pri:3, instance:Test_Classes.Mirafit_Categories_Strength_Equipement_Test@71a8adcf] output=The actual and expected URL's are different ]]]>
              </value>
            </param>
          </params>
          <reporter-output>
          </reporter-output>
        </test-method> <!-- Screenshots -->
        <test-method signature="Categories_Power_Cages_Racks()[pri:4, instance:Test_Classes.Mirafit_Categories_Strength_Equipement_Test@71a8adcf]" started-at="2022-10-31T12:28:11 IST" name="Categories_Power_Cages_Racks" finished-at="2022-10-31T12:28:33 IST" duration-ms="21702" status="PASS">
          <reporter-output>
            <line>
              <![CDATA[The actual and expected URL's are different ]]>
            </line>
          </reporter-output>
        </test-method> <!-- Categories_Power_Cages_Racks -->
        <test-method is-config="true" signature="Screenshots(org.testng.ITestResult)[pri:0, instance:Test_Classes.Mirafit_Categories_Strength_Equipement_Test@71a8adcf]" started-at="2022-10-31T12:28:33 IST" name="Screenshots" finished-at="2022-10-31T12:28:33 IST" duration-ms="1" status="PASS">
          <params>
            <param index="0">
              <value>
                <![CDATA[[TestResult name=Categories_Power_Cages_Racks status=SUCCESS method=Mirafit_Categories_Strength_Equipement_Test.Categories_Power_Cages_Racks()[pri:4, instance:Test_Classes.Mirafit_Categories_Strength_Equipement_Test@71a8adcf] output=The actual and expected URL's are different ]]]>
              </value>
            </param>
          </params>
          <reporter-output>
          </reporter-output>
        </test-method> <!-- Screenshots -->
        <test-method signature="Categories_Pull_Up_Bars()[pri:5, instance:Test_Classes.Mirafit_Categories_Strength_Equipement_Test@71a8adcf]" started-at="2022-10-31T12:28:33 IST" name="Categories_Pull_Up_Bars" finished-at="2022-10-31T12:29:00 IST" duration-ms="27003" status="PASS">
          <reporter-output>
            <line>
              <![CDATA[The actual and expected URL's are different ]]>
            </line>
          </reporter-output>
        </test-method> <!-- Categories_Pull_Up_Bars -->
        <test-method is-config="true" signature="Screenshots(org.testng.ITestResult)[pri:0, instance:Test_Classes.Mirafit_Categories_Strength_Equipement_Test@71a8adcf]" started-at="2022-10-31T12:29:00 IST" name="Screenshots" finished-at="2022-10-31T12:29:00 IST" duration-ms="1" status="PASS">
          <params>
            <param index="0">
              <value>
                <![CDATA[[TestResult name=Categories_Pull_Up_Bars status=SUCCESS method=Mirafit_Categories_Strength_Equipement_Test.Categories_Pull_Up_Bars()[pri:5, instance:Test_Classes.Mirafit_Categories_Strength_Equipement_Test@71a8adcf] output=The actual and expected URL's are different ]]]>
              </value>
            </param>
          </params>
          <reporter-output>
          </reporter-output>
        </test-method> <!-- Screenshots -->
        <test-method signature="logout()[pri:6, instance:Test_Classes.Mirafit_Categories_Strength_Equipement_Test@71a8adcf]" started-at="2022-10-31T12:29:00 IST" name="logout" finished-at="2022-10-31T12:30:33 IST" duration-ms="92868" status="FAIL">
          <exception class="org.openqa.selenium.StaleElementReferenceException">
            <message>
              <![CDATA[stale element reference: element is not attached to the page document
  (Session info: chrome=106.0.5249.119)
For documentation on this error, please visit: https://selenium.dev/exceptions/#stale_element_reference
Build info: version: '4.3.0', revision: 'a4995e2c09*'
System info: host: 'DESKTOP-18BP1P8', ip: '192.168.1.6', os.name: 'Windows 10', os.arch: 'amd64', os.version: '10.0', java.version: '11.0.8'
Driver info: org.openqa.selenium.chrome.ChromeDriver
Command: [c8f22e87213c755522d7f75005ac27de, clickElement {id=75192fe6-72e4-44dd-bf3f-cc1ff0b3887f}]
Capabilities {acceptInsecureCerts: false, browserName: chrome, browserVersion: 106.0.5249.119, chrome: {chromedriverVersion: 105.0.5195.52 (412c95e51883..., userDataDir: C:\Users\gwl\AppData\Local\...}, goog:chromeOptions: {debuggerAddress: localhost:51441}, networkConnectionEnabled: false, pageLoadStrategy: normal, platformName: WINDOWS, proxy: Proxy(), se:cdp: ws://localhost:51441/devtoo..., se:cdpVersion: 106.0.5249.119, setWindowRect: true, strictFileInteractability: false, timeouts: {implicit: 0, pageLoad: 300000, script: 30000}, unhandledPromptBehavior: dismiss and notify, webauthn:extension:credBlob: true, webauthn:extension:largeBlob: true, webauthn:virtualAuthenticators: true}
Element: [[ChromeDriver: chrome on WINDOWS (c8f22e87213c755522d7f75005ac27de)] -> xpath: (//a[@href='https://mirafit.co.uk/customer/account/'])]
Session ID: c8f22e87213c755522d7f75005ac27de]]>
            </message>
            <full-stacktrace>
              <![CDATA[org.openqa.selenium.StaleElementReferenceException: stale element reference: element is not attached to the page document
  (Session info: chrome=106.0.5249.119)
For documentation on this error, please visit: https://selenium.dev/exceptions/#stale_element_reference
Build info: version: '4.3.0', revision: 'a4995e2c09*'
System info: host: 'DESKTOP-18BP1P8', ip: '192.168.1.6', os.name: 'Windows 10', os.arch: 'amd64', os.version: '10.0', java.version: '11.0.8'
Driver info: org.openqa.selenium.chrome.ChromeDriver
Command: [c8f22e87213c755522d7f75005ac27de, clickElement {id=75192fe6-72e4-44dd-bf3f-cc1ff0b3887f}]
Capabilities {acceptInsecureCerts: false, browserName: chrome, browserVersion: 106.0.5249.119, chrome: {chromedriverVersion: 105.0.5195.52 (412c95e51883..., userDataDir: C:\Users\gwl\AppData\Local\...}, goog:chromeOptions: {debuggerAddress: localhost:51441}, networkConnectionEnabled: false, pageLoadStrategy: normal, platformName: WINDOWS, proxy: Proxy(), se:cdp: ws://localhost:51441/devtoo..., se:cdpVersion: 106.0.5249.119, setWindowRect: true, strictFileInteractability: false, timeouts: {implicit: 0, pageLoad: 300000, script: 30000}, unhandledPromptBehavior: dismiss and notify, webauthn:extension:credBlob: true, webauthn:extension:largeBlob: true, webauthn:virtualAuthenticators: true}
Element: [[ChromeDriver: chrome on WINDOWS (c8f22e87213c755522d7f75005ac27de)] -> xpath: (//a[@href='https://mirafit.co.uk/customer/account/'])]
Session ID: c8f22e87213c755522d7f75005ac27de
at java.base/jdk.internal.reflect.NativeConstructorAccessorImpl.newInstance0(Native Method)
at java.base/jdk.internal.reflect.NativeConstructorAccessorImpl.newInstance(NativeConstructorAccessorImpl.java:62)
at java.base/jdk.internal.reflect.DelegatingConstructorAccessorImpl.newInstance(DelegatingConstructorAccessorImpl.java:45)
at java.base/java.lang.reflect.Constructor.newInstance(Constructor.java:490)
at org.openqa.selenium.remote.codec.w3c.W3CHttpResponseCodec.createException(W3CHttpResponseCodec.java:200)
at org.openqa.selenium.remote.codec.w3c.W3CHttpResponseCodec.decode(W3CHttpResponseCodec.java:133)
at org.openqa.selenium.remote.codec.w3c.W3CHttpResponseCodec.decode(W3CHttpResponseCodec.java:53)
at org.openqa.selenium.remote.HttpCommandExecutor.execute(HttpCommandExecutor.java:184)
at org.openqa.selenium.remote.service.DriverCommandExecutor.invokeExecute(DriverCommandExecutor.java:167)
at org.openqa.selenium.remote.service.DriverCommandExecutor.execute(DriverCommandExecutor.java:142)
at org.openqa.selenium.remote.RemoteWebDriver.execute(RemoteWebDriver.java:569)
at org.openqa.selenium.remote.RemoteWebElement.execute(RemoteWebElement.java:257)
at org.openqa.selenium.remote.RemoteWebElement.click(RemoteWebElement.java:78)
at jdk.internal.reflect.GeneratedMethodAccessor1.invoke(Unknown Source)
at java.base/jdk.internal.reflect.DelegatingMethodAccessorImpl.invoke(DelegatingMethodAccessorImpl.java:43)
at java.base/java.lang.reflect.Method.invoke(Method.java:566)
at org.openqa.selenium.support.pagefactory.internal.LocatingElementHandler.invoke(LocatingElementHandler.java:52)
at com.sun.proxy.$Proxy17.click(Unknown Source)
at POM_Classes.Logout_Pom.click_login_btn(Logout_Pom.java:25)
at Test_Classes.Mirafit_Categories_Strength_Equipement_Test.logout(Mirafit_Categories_Strength_Equipement_Test.java:132)
at java.base/jdk.internal.reflect.NativeMethodAccessorImpl.invoke0(Native Method)
at java.base/jdk.internal.reflect.NativeMethodAccessorImpl.invoke(NativeMethodAccessorImpl.java:62)
at java.base/jdk.internal.reflect.DelegatingMethodAccessorImpl.invoke(DelegatingMethodAccessorImpl.java:43)
at java.base/java.lang.reflect.Method.invoke(Method.java:566)
at org.testng.internal.MethodInvocationHelper.invokeMethod(MethodInvocationHelper.java:133)
at org.testng.internal.TestInvoker.invokeMethod(TestInvoker.java:598)
at org.testng.internal.TestInvoker.invokeTestMethod(TestInvoker.java:173)
at org.testng.internal.MethodRunner.runInSequence(MethodRunner.java:46)
at org.testng.internal.TestInvoker$MethodInvocationAgent.invoke(TestInvoker.java:824)
at org.testng.internal.TestInvoker.invokeTestMethods(TestInvoker.java:146)
at org.testng.internal.TestMethodWorker.invokeTestMethods(TestMethodWorker.java:146)
at org.testng.internal.TestMethodWorker.run(TestMethodWorker.java:128)
at java.base/java.util.ArrayList.forEach(ArrayList.java:1541)
at org.testng.TestRunner.privateRun(TestRunner.java:794)
at org.testng.TestRunner.run(TestRunner.java:596)
at org.testng.SuiteRunner.runTest(SuiteRunner.java:377)
at org.testng.SuiteRunner.runSequentially(SuiteRunner.java:371)
at org.testng.SuiteRunner.privateRun(SuiteRunner.java:332)
at org.testng.SuiteRunner.run(SuiteRunner.java:276)
at org.testng.SuiteRunnerWorker.runSuite(SuiteRunnerWorker.java:53)
at org.testng.SuiteRunnerWorker.run(SuiteRunnerWorker.java:96)
at org.testng.TestNG.runSuitesSequentially(TestNG.java:1212)
at org.testng.TestNG.runSuitesLocally(TestNG.java:1134)
at org.testng.TestNG.runSuites(TestNG.java:1063)
at org.testng.TestNG.run(TestNG.java:1031)
at org.testng.remote.AbstractRemoteTestNG.run(AbstractRemoteTestNG.java:115)
at org.testng.remote.RemoteTestNG.initAndRun(RemoteTestNG.java:251)
at org.testng.remote.RemoteTestNG.main(RemoteTestNG.java:77)
]]>
            </full-stacktrace>
          </exception> <!-- org.openqa.selenium.StaleElementReferenceException -->
          <reporter-output>
          </reporter-output>
        </test-method> <!-- logout -->
        <test-method is-config="true" signature="Screenshots(org.testng.ITestResult)[pri:0, instance:Test_Classes.Mirafit_Categories_Strength_Equipement_Test@71a8adcf]" started-at="2022-10-31T12:30:33 IST" name="Screenshots" finished-at="2022-10-31T12:30:33 IST" duration-ms="391" status="PASS">
          <params>
            <param index="0">
              <value>
                <![CDATA[[TestResult name=logout status=FAILURE method=Mirafit_Categories_Strength_Equipement_Test.logout()[pri:6, instance:Test_Classes.Mirafit_Categories_Strength_Equipement_Test@71a8adcf] output={null}]]]>
              </value>
            </param>
          </params>
          <reporter-output>
          </reporter-output>
        </test-method> <!-- Screenshots -->
        <test-method is-config="true" signature="closeBrowser()[pri:0, instance:Test_Classes.Mirafit_Categories_Strength_Equipement_Test@71a8adcf]" started-at="2022-10-31T12:30:33 IST" name="closeBrowser" finished-at="2022-10-31T12:30:38 IST" duration-ms="4476" status="PASS">
          <reporter-output>
          </reporter-output>
        </test-method> <!-- closeBrowser -->
      </class> <!-- Test_Classes.Mirafit_Categories_Strength_Equipement_Test -->
    </test> <!-- Default test -->
  </suite> <!-- Default suite -->
</testng-results>
